TN:
SF:src/core/breadcrumb.ts
FN:4,(anonymous_0)
FN:20,(anonymous_1)
FN:25,Breadcrumb
FN:30,(anonymous_3)
FN:40,(anonymous_4)
FN:47,(anonymous_5)
FN:50,(anonymous_6)
FN:54,(anonymous_7)
FN:58,(anonymous_8)
FNF:9
FNH:6
FNDA:1,(anonymous_0)
FNDA:1,(anonymous_1)
FNDA:1,Breadcrumb
FNDA:2,(anonymous_3)
FNDA:2,(anonymous_4)
FNDA:1,(anonymous_5)
FNDA:0,(anonymous_6)
FNDA:0,(anonymous_7)
FNDA:0,(anonymous_8)
DA:2,1
DA:4,1
DA:5,1
DA:6,1
DA:7,1
DA:8,1
DA:9,1
DA:10,1
DA:20,1
DA:21,1
DA:22,1
DA:23,1
DA:30,1
DA:31,2
DA:32,0
DA:33,0
DA:34,0
DA:35,0
DA:37,2
DA:40,1
DA:41,2
DA:43,2
DA:44,0
DA:46,2
DA:47,2
DA:50,1
DA:51,0
DA:54,1
DA:55,0
DA:58,1
DA:59,0
DA:61,0
DA:62,0
DA:65,0
DA:66,0
DA:69,1
DA:71,1
LF:37
LH:25
BRDA:4,0,0,1
BRDA:4,0,1,1
BRDA:31,1,0,0
BRDA:33,2,0,0
BRDA:41,3,0,2
BRDA:41,3,1,2
BRDA:43,4,0,0
BRDA:58,5,0,0
BRDA:61,6,0,0
BRDA:65,7,0,0
BRF:10
BRH:4
end_of_record
TN:
SF:src/core/network.ts
FN:14,(anonymous_2)
FN:17,NetworkMonitor
FN:24,(anonymous_4)
FN:32,(anonymous_5)
FN:33,(anonymous_6)
FN:37,(anonymous_7)
FN:45,(anonymous_8)
FN:63,(anonymous_9)
FN:77,(anonymous_10)
FN:108,(anonymous_11)
FN:109,(anonymous_12)
FN:118,(anonymous_13)
FNF:12
FNH:11
FNDA:1,(anonymous_2)
FNDA:1,NetworkMonitor
FNDA:1,(anonymous_4)
FNDA:1,(anonymous_5)
FNDA:1,(anonymous_6)
FNDA:1,(anonymous_7)
FNDA:1,(anonymous_8)
FNDA:0,(anonymous_9)
FNDA:3,(anonymous_10)
FNDA:3,(anonymous_11)
FNDA:4,(anonymous_12)
FNDA:1,(anonymous_13)
DA:1,1
DA:2,1
DA:3,1
DA:4,1
DA:14,1
DA:18,1
DA:21,1
DA:24,1
DA:25,1
DA:26,1
DA:32,1
DA:33,1
DA:34,1
DA:37,1
DA:38,1
DA:45,1
DA:47,1
DA:51,1
DA:54,1
DA:63,1
DA:64,0
DA:77,1
DA:79,3
DA:81,2
DA:88,2
DA:101,2
DA:108,3
DA:109,3
DA:110,4
DA:118,1
DA:119,1
DA:121,1
DA:123,1
LF:33
LH:32
BRDA:47,0,0,1
BRDA:47,0,1,0
BRDA:47,0,2,0
BRDA:51,1,0,0
BRDA:79,2,0,2
BRDA:93,3,0,1
BRDA:93,3,1,1
BRF:7
BRH:4
end_of_record
TN:
SF:src/types/index.ts
FN:17,(anonymous_0)
FN:29,(anonymous_1)
FN:46,(anonymous_2)
FN:53,(anonymous_3)
FN:54,fromString
FNF:5
FNH:4
FNDA:1,(anonymous_0)
FNDA:1,(anonymous_1)
FNDA:1,(anonymous_2)
FNDA:1,(anonymous_3)
FNDA:0,fromString
DA:17,1
DA:18,1
DA:19,1
DA:20,1
DA:21,1
DA:22,1
DA:23,1
DA:24,1
DA:25,1
DA:26,1
DA:29,1
DA:30,1
DA:31,1
DA:32,1
DA:33,1
DA:34,1
DA:35,1
DA:36,1
DA:37,1
DA:38,1
DA:39,1
DA:40,1
DA:41,1
DA:42,1
DA:43,1
DA:46,1
DA:47,1
DA:48,1
DA:49,1
DA:50,1
DA:53,1
DA:54,1
DA:55,0
DA:57,0
DA:59,0
DA:61,0
DA:63,0
DA:65,0
LF:38
LH:32
BRDA:17,0,0,1
BRDA:17,0,1,1
BRDA:29,1,0,1
BRDA:29,1,1,1
BRDA:46,2,0,1
BRDA:46,2,1,1
BRDA:55,3,0,0
BRDA:55,3,1,0
BRDA:55,3,2,0
BRDA:55,3,3,0
BRDA:55,3,4,0
BRDA:53,4,0,1
BRDA:53,4,1,0
BRF:13
BRH:7
end_of_record
TN:
SF:src/utils/index.ts
FN:2,getTimestamp
FN:7,getLocationHref
FN:12,nativeTryCatch
FN:25,getFlag
FN:29,setFlag
FNF:5
FNH:2
FNDA:4,getTimestamp
FNDA:2,getLocationHref
FNDA:0,nativeTryCatch
FNDA:0,getFlag
FNDA:0,setFlag
DA:2,1
DA:3,4
DA:7,1
DA:8,2
DA:12,1
DA:13,0
DA:14,0
DA:16,0
DA:17,0
DA:23,1
DA:25,1
DA:26,0
DA:29,1
DA:30,0
LF:14
LH:8
BRDA:16,0,0,0
BRDA:26,1,0,0
BRDA:26,1,1,0
BRF:3
BRH:0
end_of_record
